Analysis & Synthesis report for uart_byte_tx
Fri Aug 04 20:57:58 2023
Quartus Prime Version 18.0.0 Build 614 04/24/2018 SJ Standard Edition


---------------------
; Table of Contents ;
---------------------
  1. Legal Notice
  2. Analysis & Synthesis Summary
  3. Analysis & Synthesis Settings
  4. Parallel Compilation
  5. Analysis & Synthesis Source Files Read
  6. Analysis & Synthesis Resource Usage Summary
  7. Analysis & Synthesis Resource Utilization by Entity
  8. Analysis & Synthesis IP Cores Summary
  9. State Machine - |uart_tx_top|key_filter:key_filter0|state
 10. Registers Removed During Synthesis
 11. General Register Statistics
 12. Inverted Register Statistics
 13. Multiplexer Restructuring Statistics (Restructuring Performed)
 14. Source assignments for issp:issp|altsource_probe:altsource_probe_component|altsource_probe_body:altsource_probe_body_inst|altsource_probe_impl:\wider_source_gen:wider_source_inst
 15. Parameter Settings for User Entity Instance: issp:issp|altsource_probe:altsource_probe_component
 16. Port Connectivity Checks: "issp:issp"
 17. Port Connectivity Checks: "uart_byte_tx:uart_byte_tx"
 18. Post-Synthesis Netlist Statistics for Top Partition
 19. Elapsed Time Per Partition
 20. Analysis & Synthesis Messages



----------------
; Legal Notice ;
----------------
Copyright (C) 2018  Intel Corporation. All rights reserved.
Your use of Intel Corporation's design tools, logic functions 
and other software and tools, and its AMPP partner logic 
functions, and any output files from any of the foregoing 
(including device programming or simulation files), and any 
associated documentation or information are expressly subject 
to the terms and conditions of the Intel Program License 
Subscription Agreement, the Intel Quartus Prime License Agreement,
the Intel FPGA IP License Agreement, or other applicable license
agreement, including, without limitation, that your use is for
the sole purpose of programming logic devices manufactured by
Intel and sold by Intel or its authorized distributors.  Please
refer to the applicable agreement for further details.



+-----------------------------------------------------------------------------------+
; Analysis & Synthesis Summary                                                      ;
+---------------------------------+-------------------------------------------------+
; Analysis & Synthesis Status     ; Successful - Fri Aug 04 20:57:58 2023           ;
; Quartus Prime Version           ; 18.0.0 Build 614 04/24/2018 SJ Standard Edition ;
; Revision Name                   ; uart_byte_tx                                    ;
; Top-level Entity Name           ; uart_tx_top                                     ;
; Family                          ; Cyclone V                                       ;
; Logic utilization (in ALMs)     ; N/A                                             ;
; Total registers                 ; 166                                             ;
; Total pins                      ; 5                                               ;
; Total virtual pins              ; 0                                               ;
; Total block memory bits         ; 0                                               ;
; Total DSP Blocks                ; 0                                               ;
; Total HSSI RX PCSs              ; 0                                               ;
; Total HSSI PMA RX Deserializers ; 0                                               ;
; Total HSSI TX PCSs              ; 0                                               ;
; Total HSSI PMA TX Serializers   ; 0                                               ;
; Total PLLs                      ; 0                                               ;
; Total DLLs                      ; 0                                               ;
+---------------------------------+-------------------------------------------------+


+---------------------------------------------------------------------------------------------------------------------------+
; Analysis & Synthesis Settings                                                                                             ;
+---------------------------------------------------------------------------------+--------------------+--------------------+
; Option                                                                          ; Setting            ; Default Value      ;
+---------------------------------------------------------------------------------+--------------------+--------------------+
; Device                                                                          ; 5CSEMA5F31C6       ;                    ;
; Top-level entity name                                                           ; uart_tx_top        ; uart_byte_tx       ;
; Family name                                                                     ; Cyclone V          ; Cyclone V          ;
; Use smart compilation                                                           ; Off                ; Off                ;
; Enable parallel Assembler and Timing Analyzer during compilation                ; On                 ; On                 ;
; Enable compact report table                                                     ; Off                ; Off                ;
; Restructure Multiplexers                                                        ; Auto               ; Auto               ;
; MLAB Add Timing Constraints For Mixed-Port Feed-Through Mode Setting Don't Care ; Off                ; Off                ;
; Create Debugging Nodes for IP Cores                                             ; Off                ; Off                ;
; Preserve fewer node names                                                       ; On                 ; On                 ;
; Intel FPGA IP Evaluation Mode                                                   ; Enable             ; Enable             ;
; Verilog Version                                                                 ; Verilog_2001       ; Verilog_2001       ;
; VHDL Version                                                                    ; VHDL_1993          ; VHDL_1993          ;
; State Machine Processing                                                        ; Auto               ; Auto               ;
; Safe State Machine                                                              ; Off                ; Off                ;
; Extract Verilog State Machines                                                  ; On                 ; On                 ;
; Extract VHDL State Machines                                                     ; On                 ; On                 ;
; Ignore Verilog initial constructs                                               ; Off                ; Off                ;
; Iteration limit for constant Verilog loops                                      ; 5000               ; 5000               ;
; Iteration limit for non-constant Verilog loops                                  ; 250                ; 250                ;
; Add Pass-Through Logic to Inferred RAMs                                         ; On                 ; On                 ;
; Infer RAMs from Raw Logic                                                       ; On                 ; On                 ;
; Parallel Synthesis                                                              ; On                 ; On                 ;
; DSP Block Balancing                                                             ; Auto               ; Auto               ;
; NOT Gate Push-Back                                                              ; On                 ; On                 ;
; Power-Up Don't Care                                                             ; On                 ; On                 ;
; Remove Redundant Logic Cells                                                    ; Off                ; Off                ;
; Remove Duplicate Registers                                                      ; On                 ; On                 ;
; Ignore CARRY Buffers                                                            ; Off                ; Off                ;
; Ignore CASCADE Buffers                                                          ; Off                ; Off                ;
; Ignore GLOBAL Buffers                                                           ; Off                ; Off                ;
; Ignore ROW GLOBAL Buffers                                                       ; Off                ; Off                ;
; Ignore LCELL Buffers                                                            ; Off                ; Off                ;
; Ignore SOFT Buffers                                                             ; On                 ; On                 ;
; Limit AHDL Integers to 32 Bits                                                  ; Off                ; Off                ;
; Optimization Technique                                                          ; Balanced           ; Balanced           ;
; Carry Chain Length                                                              ; 70                 ; 70                 ;
; Auto Carry Chains                                                               ; On                 ; On                 ;
; Auto Open-Drain Pins                                                            ; On                 ; On                 ;
; Perform WYSIWYG Primitive Resynthesis                                           ; Off                ; Off                ;
; Auto ROM Replacement                                                            ; On                 ; On                 ;
; Auto RAM Replacement                                                            ; On                 ; On                 ;
; Auto DSP Block Replacement                                                      ; On                 ; On                 ;
; Auto Shift Register Replacement                                                 ; Auto               ; Auto               ;
; Allow Shift Register Merging across Hierarchies                                 ; Auto               ; Auto               ;
; Auto Clock Enable Replacement                                                   ; On                 ; On                 ;
; Strict RAM Replacement                                                          ; Off                ; Off                ;
; Allow Synchronous Control Signals                                               ; On                 ; On                 ;
; Force Use of Synchronous Clear Signals                                          ; Off                ; Off                ;
; Auto Resource Sharing                                                           ; Off                ; Off                ;
; Allow Any RAM Size For Recognition                                              ; Off                ; Off                ;
; Allow Any ROM Size For Recognition                                              ; Off                ; Off                ;
; Allow Any Shift Register Size For Recognition                                   ; Off                ; Off                ;
; Use LogicLock Constraints during Resource Balancing                             ; On                 ; On                 ;
; Ignore translate_off and synthesis_off directives                               ; Off                ; Off                ;
; Timing-Driven Synthesis                                                         ; On                 ; On                 ;
; Report Parameter Settings                                                       ; On                 ; On                 ;
; Report Source Assignments                                                       ; On                 ; On                 ;
; Report Connectivity Checks                                                      ; On                 ; On                 ;
; Ignore Maximum Fan-Out Assignments                                              ; Off                ; Off                ;
; Synchronization Register Chain Length                                           ; 3                  ; 3                  ;
; Power Optimization During Synthesis                                             ; Normal compilation ; Normal compilation ;
; HDL message level                                                               ; Level2             ; Level2             ;
; Suppress Register Optimization Related Messages                                 ; Off                ; Off                ;
; Number of Removed Registers Reported in Synthesis Report                        ; 5000               ; 5000               ;
; Number of Swept Nodes Reported in Synthesis Report                              ; 5000               ; 5000               ;
; Number of Inverted Registers Reported in Synthesis Report                       ; 100                ; 100                ;
; Clock MUX Protection                                                            ; On                 ; On                 ;
; Auto Gated Clock Conversion                                                     ; Off                ; Off                ;
; Block Design Naming                                                             ; Auto               ; Auto               ;
; SDC constraint protection                                                       ; Off                ; Off                ;
; Synthesis Effort                                                                ; Auto               ; Auto               ;
; Shift Register Replacement - Allow Asynchronous Clear Signal                    ; On                 ; On                 ;
; Pre-Mapping Resynthesis Optimization                                            ; Off                ; Off                ;
; Analysis & Synthesis Message Level                                              ; Medium             ; Medium             ;
; Disable Register Merging Across Hierarchies                                     ; Auto               ; Auto               ;
; Resource Aware Inference For Block RAM                                          ; On                 ; On                 ;
; Automatic Parallel Synthesis                                                    ; On                 ; On                 ;
; Partial Reconfiguration Bitstream ID                                            ; Off                ; Off                ;
+---------------------------------------------------------------------------------+--------------------+--------------------+


+------------------------------------------+
; Parallel Compilation                     ;
+----------------------------+-------------+
; Processors                 ; Number      ;
+----------------------------+-------------+
; Number detected on machine ; 8           ;
; Maximum allowed            ; 4           ;
;                            ;             ;
; Average used               ; 1.00        ;
; Maximum used               ; 4           ;
;                            ;             ;
; Usage by Processor         ; % Time Used ;
;     Processor 1            ; 100.0%      ;
;     Processors 2-4         ;   0.0%      ;
+----------------------------+-------------+


+-----------------------------------------------------------------------------------------------------------------------------------------------------------------------------------------------------------------------------------------------------------------------------------------+
; Analysis & Synthesis Source Files Read                                                                                                                                                                                                                                                  ;
+--------------------------------------------------------------------+-----------------+----------------------------------------------+-------------------------------------------------------------------------------------------------------------------------------------+-------------+
; File Name with User-Entered Path                                   ; Used in Netlist ; File Type                                    ; File Name with Absolute Path                                                                                                        ; Library     ;
+--------------------------------------------------------------------+-----------------+----------------------------------------------+-------------------------------------------------------------------------------------------------------------------------------------+-------------+
; ../rtl/uart_byte_tx.v                                              ; yes             ; User Verilog HDL File                        ; D:/southampton/graduate_project/code/tx_code/class11_uart_tx/rtl/uart_byte_tx.v                                                     ;             ;
; ../rtl/uart_tx_top.v                                               ; yes             ; User Verilog HDL File                        ; D:/southampton/graduate_project/code/tx_code/class11_uart_tx/rtl/uart_tx_top.v                                                      ;             ;
; ../rtl/key_filter.v                                                ; yes             ; User Verilog HDL File                        ; D:/southampton/graduate_project/code/tx_code/class11_uart_tx/rtl/key_filter.v                                                       ;             ;
; ip/issp.v                                                          ; yes             ; User Wizard-Generated File                   ; D:/southampton/graduate_project/code/tx_code/class11_uart_tx/prj/ip/issp.v                                                          ;             ;
; altsource_probe.v                                                  ; yes             ; Megafunction                                 ; f:/interlfpga/18.0/quartus/libraries/megafunctions/altsource_probe.v                                                                ;             ;
; sld_jtag_endpoint_adapter.vhd                                      ; yes             ; Encrypted Megafunction                       ; f:/interlfpga/18.0/quartus/libraries/megafunctions/sld_jtag_endpoint_adapter.vhd                                                    ;             ;
; sld_jtag_endpoint_adapter_impl.sv                                  ; yes             ; Encrypted Megafunction                       ; f:/interlfpga/18.0/quartus/libraries/megafunctions/sld_jtag_endpoint_adapter_impl.sv                                                ;             ;
; altsource_probe_body.vhd                                           ; yes             ; Megafunction                                 ; f:/interlfpga/18.0/quartus/libraries/megafunctions/altsource_probe_body.vhd                                                         ;             ;
; sld_rom_sr.vhd                                                     ; yes             ; Encrypted Megafunction                       ; f:/interlfpga/18.0/quartus/libraries/megafunctions/sld_rom_sr.vhd                                                                   ;             ;
; sld_hub.vhd                                                        ; yes             ; Encrypted Megafunction                       ; f:/interlfpga/18.0/quartus/libraries/megafunctions/sld_hub.vhd                                                                      ; altera_sld  ;
; db/ip/sld6f25fe43/alt_sld_fab.v                                    ; yes             ; Encrypted Auto-Found Verilog HDL File        ; D:/southampton/graduate_project/code/tx_code/class11_uart_tx/prj/db/ip/sld6f25fe43/alt_sld_fab.v                                    ; alt_sld_fab ;
; db/ip/sld6f25fe43/submodules/alt_sld_fab_alt_sld_fab.v             ; yes             ; Encrypted Auto-Found Verilog HDL File        ; D:/southampton/graduate_project/code/tx_code/class11_uart_tx/prj/db/ip/sld6f25fe43/submodules/alt_sld_fab_alt_sld_fab.v             ; alt_sld_fab ;
; db/ip/sld6f25fe43/submodules/alt_sld_fab_alt_sld_fab_ident.sv      ; yes             ; Auto-Found SystemVerilog HDL File            ; D:/southampton/graduate_project/code/tx_code/class11_uart_tx/prj/db/ip/sld6f25fe43/submodules/alt_sld_fab_alt_sld_fab_ident.sv      ; alt_sld_fab ;
; db/ip/sld6f25fe43/submodules/alt_sld_fab_alt_sld_fab_presplit.sv   ; yes             ; Encrypted Auto-Found SystemVerilog HDL File  ; D:/southampton/graduate_project/code/tx_code/class11_uart_tx/prj/db/ip/sld6f25fe43/submodules/alt_sld_fab_alt_sld_fab_presplit.sv   ; alt_sld_fab ;
; db/ip/sld6f25fe43/submodules/alt_sld_fab_alt_sld_fab_sldfabric.vhd ; yes             ; Encrypted Auto-Found VHDL File               ; D:/southampton/graduate_project/code/tx_code/class11_uart_tx/prj/db/ip/sld6f25fe43/submodules/alt_sld_fab_alt_sld_fab_sldfabric.vhd ; alt_sld_fab ;
; db/ip/sld6f25fe43/submodules/alt_sld_fab_alt_sld_fab_splitter.sv   ; yes             ; Encrypted Auto-Found SystemVerilog HDL File  ; D:/southampton/graduate_project/code/tx_code/class11_uart_tx/prj/db/ip/sld6f25fe43/submodules/alt_sld_fab_alt_sld_fab_splitter.sv   ; alt_sld_fab ;
; sld_jtag_hub.vhd                                                   ; yes             ; Encrypted Megafunction                       ; f:/interlfpga/18.0/quartus/libraries/megafunctions/sld_jtag_hub.vhd                                                                 ;             ;
+--------------------------------------------------------------------+-----------------+----------------------------------------------+-------------------------------------------------------------------------------------------------------------------------------------+-------------+


+------------------------------------------------------------------------+
; Analysis & Synthesis Resource Usage Summary                            ;
+---------------------------------------------+--------------------------+
; Resource                                    ; Usage                    ;
+---------------------------------------------+--------------------------+
; Estimate of Logic utilization (ALMs needed) ; 110                      ;
;                                             ;                          ;
; Combinational ALUT usage for logic          ; 180                      ;
;     -- 7 input functions                    ; 1                        ;
;     -- 6 input functions                    ; 27                       ;
;     -- 5 input functions                    ; 47                       ;
;     -- 4 input functions                    ; 24                       ;
;     -- <=3 input functions                  ; 81                       ;
;                                             ;                          ;
; Dedicated logic registers                   ; 166                      ;
;                                             ;                          ;
; I/O pins                                    ; 5                        ;
;                                             ;                          ;
; Total DSP Blocks                            ; 0                        ;
;                                             ;                          ;
; Maximum fan-out node                        ; altera_internal_jtag~TDO ;
; Maximum fan-out                             ; 127                      ;
; Total fan-out                               ; 1246                     ;
; Average fan-out                             ; 3.41                     ;
+---------------------------------------------+--------------------------+


+---------------------------------------------------------------------------------------------------------------------------------------------------------------------------------------------------------------------------------------------------------------------------------------------------------------------------------------------------------------------------------------------------------------------------------------------------------------------------------------------------------------------------------------------------------------------------------------------------------------------------------------------------------------+
; Analysis & Synthesis Resource Utilization by Entity                                                                                                                                                                                                                                                                                                                                                                                                                                                                                                                                                                                                           ;
+-----------------------------------------------------------------------------------------------------------------------------------------+---------------------+---------------------------+-------------------+------------+------+--------------+---------------------------------------------------------------------------------------------------------------------------------------------------------------------------------------------------------------------------------------------------------------------------------------------------------------------------------------------------------+-----------------------------------+--------------+
; Compilation Hierarchy Node                                                                                                              ; Combinational ALUTs ; Dedicated Logic Registers ; Block Memory Bits ; DSP Blocks ; Pins ; Virtual Pins ; Full Hierarchy Name                                                                                                                                                                                                                                                                                                                                     ; Entity Name                       ; Library Name ;
+-----------------------------------------------------------------------------------------------------------------------------------------+---------------------+---------------------------+-------------------+------------+------+--------------+---------------------------------------------------------------------------------------------------------------------------------------------------------------------------------------------------------------------------------------------------------------------------------------------------------------------------------------------------------+-----------------------------------+--------------+
; |uart_tx_top                                                                                                                            ; 180 (3)             ; 166 (0)                   ; 0                 ; 0          ; 5    ; 0            ; |uart_tx_top                                                                                                                                                                                                                                                                                                                                            ; uart_tx_top                       ; work         ;
;    |issp:issp|                                                                                                                          ; 23 (0)              ; 24 (0)                    ; 0                 ; 0          ; 0    ; 0            ; |uart_tx_top|issp:issp                                                                                                                                                                                                                                                                                                                                  ; issp                              ; work         ;
;       |altsource_probe:altsource_probe_component|                                                                                       ; 23 (0)              ; 24 (0)                    ; 0                 ; 0          ; 0    ; 0            ; |uart_tx_top|issp:issp|altsource_probe:altsource_probe_component                                                                                                                                                                                                                                                                                        ; altsource_probe                   ; work         ;
;          |altsource_probe_body:altsource_probe_body_inst|                                                                               ; 23 (2)              ; 24 (0)                    ; 0                 ; 0          ; 0    ; 0            ; |uart_tx_top|issp:issp|altsource_probe:altsource_probe_component|altsource_probe_body:altsource_probe_body_inst                                                                                                                                                                                                                                         ; altsource_probe_body              ; work         ;
;             |altsource_probe_impl:\wider_source_gen:wider_source_inst|                                                                  ; 21 (12)             ; 24 (17)                   ; 0                 ; 0          ; 0    ; 0            ; |uart_tx_top|issp:issp|altsource_probe:altsource_probe_component|altsource_probe_body:altsource_probe_body_inst|altsource_probe_impl:\wider_source_gen:wider_source_inst                                                                                                                                                                                ; altsource_probe_impl              ; work         ;
;                |sld_rom_sr:\no_instance_id_gen:rom_info_inst|                                                                           ; 9 (9)               ; 7 (7)                     ; 0                 ; 0          ; 0    ; 0            ; |uart_tx_top|issp:issp|altsource_probe:altsource_probe_component|altsource_probe_body:altsource_probe_body_inst|altsource_probe_impl:\wider_source_gen:wider_source_inst|sld_rom_sr:\no_instance_id_gen:rom_info_inst                                                                                                                                   ; sld_rom_sr                        ; work         ;
;    |key_filter:key_filter0|                                                                                                             ; 32 (32)             ; 32 (32)                   ; 0                 ; 0          ; 0    ; 0            ; |uart_tx_top|key_filter:key_filter0                                                                                                                                                                                                                                                                                                                     ; key_filter                        ; work         ;
;    |sld_hub:auto_hub|                                                                                                                   ; 91 (1)              ; 79 (0)                    ; 0                 ; 0          ; 0    ; 0            ; |uart_tx_top|sld_hub:auto_hub                                                                                                                                                                                                                                                                                                                           ; sld_hub                           ; altera_sld   ;
;       |alt_sld_fab_with_jtag_input:\instrumentation_fabric_with_node_gen:fabric_gen_new_way:with_jtag_input_gen:instrumentation_fabric| ; 90 (0)              ; 79 (0)                    ; 0                 ; 0          ; 0    ; 0            ; |uart_tx_top|sld_hub:auto_hub|alt_sld_fab_with_jtag_input:\instrumentation_fabric_with_node_gen:fabric_gen_new_way:with_jtag_input_gen:instrumentation_fabric                                                                                                                                                                                           ; alt_sld_fab_with_jtag_input       ; altera_sld   ;
;          |alt_sld_fab:instrumentation_fabric|                                                                                           ; 90 (0)              ; 79 (0)                    ; 0                 ; 0          ; 0    ; 0            ; |uart_tx_top|sld_hub:auto_hub|alt_sld_fab_with_jtag_input:\instrumentation_fabric_with_node_gen:fabric_gen_new_way:with_jtag_input_gen:instrumentation_fabric|alt_sld_fab:instrumentation_fabric                                                                                                                                                        ; alt_sld_fab                       ; alt_sld_fab  ;
;             |alt_sld_fab_alt_sld_fab:alt_sld_fab|                                                                                       ; 90 (1)              ; 79 (5)                    ; 0                 ; 0          ; 0    ; 0            ; |uart_tx_top|sld_hub:auto_hub|alt_sld_fab_with_jtag_input:\instrumentation_fabric_with_node_gen:fabric_gen_new_way:with_jtag_input_gen:instrumentation_fabric|alt_sld_fab:instrumentation_fabric|alt_sld_fab_alt_sld_fab:alt_sld_fab                                                                                                                    ; alt_sld_fab_alt_sld_fab           ; alt_sld_fab  ;
;                |alt_sld_fab_alt_sld_fab_sldfabric:sldfabric|                                                                            ; 89 (0)              ; 74 (0)                    ; 0                 ; 0          ; 0    ; 0            ; |uart_tx_top|sld_hub:auto_hub|alt_sld_fab_with_jtag_input:\instrumentation_fabric_with_node_gen:fabric_gen_new_way:with_jtag_input_gen:instrumentation_fabric|alt_sld_fab:instrumentation_fabric|alt_sld_fab_alt_sld_fab:alt_sld_fab|alt_sld_fab_alt_sld_fab_sldfabric:sldfabric                                                                        ; alt_sld_fab_alt_sld_fab_sldfabric ; alt_sld_fab  ;
;                   |sld_jtag_hub:\jtag_hub_gen:real_sld_jtag_hub|                                                                        ; 89 (55)             ; 74 (46)                   ; 0                 ; 0          ; 0    ; 0            ; |uart_tx_top|sld_hub:auto_hub|alt_sld_fab_with_jtag_input:\instrumentation_fabric_with_node_gen:fabric_gen_new_way:with_jtag_input_gen:instrumentation_fabric|alt_sld_fab:instrumentation_fabric|alt_sld_fab_alt_sld_fab:alt_sld_fab|alt_sld_fab_alt_sld_fab_sldfabric:sldfabric|sld_jtag_hub:\jtag_hub_gen:real_sld_jtag_hub                           ; sld_jtag_hub                      ; work         ;
;                      |sld_rom_sr:hub_info_reg|                                                                                          ; 16 (16)             ; 9 (9)                     ; 0                 ; 0          ; 0    ; 0            ; |uart_tx_top|sld_hub:auto_hub|alt_sld_fab_with_jtag_input:\instrumentation_fabric_with_node_gen:fabric_gen_new_way:with_jtag_input_gen:instrumentation_fabric|alt_sld_fab:instrumentation_fabric|alt_sld_fab_alt_sld_fab:alt_sld_fab|alt_sld_fab_alt_sld_fab_sldfabric:sldfabric|sld_jtag_hub:\jtag_hub_gen:real_sld_jtag_hub|sld_rom_sr:hub_info_reg   ; sld_rom_sr                        ; work         ;
;                      |sld_shadow_jsm:shadow_jsm|                                                                                        ; 18 (18)             ; 19 (19)                   ; 0                 ; 0          ; 0    ; 0            ; |uart_tx_top|sld_hub:auto_hub|alt_sld_fab_with_jtag_input:\instrumentation_fabric_with_node_gen:fabric_gen_new_way:with_jtag_input_gen:instrumentation_fabric|alt_sld_fab:instrumentation_fabric|alt_sld_fab_alt_sld_fab:alt_sld_fab|alt_sld_fab_alt_sld_fab_sldfabric:sldfabric|sld_jtag_hub:\jtag_hub_gen:real_sld_jtag_hub|sld_shadow_jsm:shadow_jsm ; sld_shadow_jsm                    ; altera_sld   ;
;    |uart_byte_tx:uart_byte_tx|                                                                                                          ; 31 (31)             ; 31 (31)                   ; 0                 ; 0          ; 0    ; 0            ; |uart_tx_top|uart_byte_tx:uart_byte_tx                                                                                                                                                                                                                                                                                                                  ; uart_byte_tx                      ; work         ;
+-----------------------------------------------------------------------------------------------------------------------------------------+---------------------+---------------------------+-------------------+------------+------+--------------+---------------------------------------------------------------------------------------------------------------------------------------------------------------------------------------------------------------------------------------------------------------------------------------------------------------------------------------------------------+-----------------------------------+--------------+
Note: For table entries with two numbers listed, the numbers in parentheses indicate the number of resources of the given type used by the specific entity alone. The numbers listed outside of parentheses indicate the total resources of the given type used by the specific entity and all of its sub-entities in the hierarchy.


+------------------------------------------------------------------------------------------------------------------------------------------------------------------------------------------------------------------------------------------------------------------------------------------------------------------------------------------------------------------------------------+
; Analysis & Synthesis IP Cores Summary                                                                                                                                                                                                                                                                                                                                              ;
+--------+------------------------------+---------+--------------+--------------+----------------------------------------------------------------------------------------------------------------------------------------------------------------------------------------------------------------------------------------------------------------------------------+-----------------+
; Vendor ; IP Core Name                 ; Version ; Release Date ; License Type ; Entity Instance                                                                                                                                                                                                                                                                  ; IP Include File ;
+--------+------------------------------+---------+--------------+--------------+----------------------------------------------------------------------------------------------------------------------------------------------------------------------------------------------------------------------------------------------------------------------------------+-----------------+
; Altera ; Signal Tap                   ; N/A     ; N/A          ; Licensed     ; |uart_tx_top|sld_hub:auto_hub|alt_sld_fab_with_jtag_input:\instrumentation_fabric_with_node_gen:fabric_gen_new_way:with_jtag_input_gen:instrumentation_fabric|alt_sld_fab:instrumentation_fabric                                                                                 ;                 ;
; Altera ; Signal Tap                   ; N/A     ; N/A          ; Licensed     ; |uart_tx_top|sld_hub:auto_hub|alt_sld_fab_with_jtag_input:\instrumentation_fabric_with_node_gen:fabric_gen_new_way:with_jtag_input_gen:instrumentation_fabric|alt_sld_fab:instrumentation_fabric|alt_sld_fab_alt_sld_fab:alt_sld_fab                                             ;                 ;
; Altera ; Signal Tap                   ; N/A     ; N/A          ; Licensed     ; |uart_tx_top|sld_hub:auto_hub|alt_sld_fab_with_jtag_input:\instrumentation_fabric_with_node_gen:fabric_gen_new_way:with_jtag_input_gen:instrumentation_fabric|alt_sld_fab:instrumentation_fabric|alt_sld_fab_alt_sld_fab:alt_sld_fab|alt_sld_fab_alt_sld_fab_presplit:presplit   ;                 ;
; Altera ; Signal Tap                   ; N/A     ; N/A          ; Licensed     ; |uart_tx_top|sld_hub:auto_hub|alt_sld_fab_with_jtag_input:\instrumentation_fabric_with_node_gen:fabric_gen_new_way:with_jtag_input_gen:instrumentation_fabric|alt_sld_fab:instrumentation_fabric|alt_sld_fab_alt_sld_fab:alt_sld_fab|alt_sld_fab_alt_sld_fab_sldfabric:sldfabric ;                 ;
; Altera ; Signal Tap                   ; N/A     ; N/A          ; Licensed     ; |uart_tx_top|sld_hub:auto_hub|alt_sld_fab_with_jtag_input:\instrumentation_fabric_with_node_gen:fabric_gen_new_way:with_jtag_input_gen:instrumentation_fabric|alt_sld_fab:instrumentation_fabric|alt_sld_fab_alt_sld_fab:alt_sld_fab|alt_sld_fab_alt_sld_fab_splitter:splitter   ;                 ;
; Altera ; In-System Sources and Probes ; 13.0    ; N/A          ; N/A          ; |uart_tx_top|issp:issp                                                                                                                                                                                                                                                           ; ip/issp.v       ;
+--------+------------------------------+---------+--------------+--------------+----------------------------------------------------------------------------------------------------------------------------------------------------------------------------------------------------------------------------------------------------------------------------------+-----------------+


Encoding Type:  One-Hot
+-------------------------------------------------------------------------+
; State Machine - |uart_tx_top|key_filter:key_filter0|state               ;
+---------------+---------------+------------+---------------+------------+
; Name          ; state.FILTER1 ; state.DOWN ; state.FILTER0 ; state.IDEL ;
+---------------+---------------+------------+---------------+------------+
; state.IDEL    ; 0             ; 0          ; 0             ; 0          ;
; state.FILTER0 ; 0             ; 0          ; 1             ; 1          ;
; state.DOWN    ; 0             ; 1          ; 0             ; 1          ;
; state.FILTER1 ; 1             ; 0          ; 0             ; 1          ;
+---------------+---------------+------------+---------------+------------+


+-----------------------------------------------------------------------------------+
; Registers Removed During Synthesis                                                ;
+------------------------------------------+----------------------------------------+
; Register name                            ; Reason for Removal                     ;
+------------------------------------------+----------------------------------------+
; uart_byte_tx:uart_byte_tx|bps_DR[13..15] ; Stuck at GND due to stuck port data_in ;
; uart_byte_tx:uart_byte_tx|bps_DR[12]     ; Stuck at VCC due to stuck port data_in ;
; uart_byte_tx:uart_byte_tx|bps_DR[11]     ; Stuck at GND due to stuck port data_in ;
; uart_byte_tx:uart_byte_tx|bps_DR[10]     ; Stuck at VCC due to stuck port data_in ;
; uart_byte_tx:uart_byte_tx|bps_DR[7..9]   ; Stuck at GND due to stuck port data_in ;
; uart_byte_tx:uart_byte_tx|bps_DR[6]      ; Stuck at VCC due to stuck port data_in ;
; uart_byte_tx:uart_byte_tx|bps_DR[5]      ; Stuck at GND due to stuck port data_in ;
; uart_byte_tx:uart_byte_tx|bps_DR[4]      ; Stuck at VCC due to stuck port data_in ;
; uart_byte_tx:uart_byte_tx|bps_DR[3]      ; Stuck at GND due to stuck port data_in ;
; uart_byte_tx:uart_byte_tx|bps_DR[0..2]   ; Stuck at VCC due to stuck port data_in ;
; Total Number of Removed Registers = 16   ;                                        ;
+------------------------------------------+----------------------------------------+


+------------------------------------------------------+
; General Register Statistics                          ;
+----------------------------------------------+-------+
; Statistic                                    ; Value ;
+----------------------------------------------+-------+
; Total registers                              ; 166   ;
; Number of registers using Synchronous Clear  ; 43    ;
; Number of registers using Synchronous Load   ; 8     ;
; Number of registers using Asynchronous Clear ; 98    ;
; Number of registers using Asynchronous Load  ; 0     ;
; Number of registers using Clock Enable       ; 83    ;
; Number of registers using Preset             ; 0     ;
+----------------------------------------------+-------+


+-------------------------------------------------------------------------------------------------------------------------------------------------------------------------------------------------------------------------------------------------------------------------------------------------------------------------------------------+
; Inverted Register Statistics                                                                                                                                                                                                                                                                                                              ;
+---------------------------------------------------------------------------------------------------------------------------------------------------------------------------------------------------------------------------------------------------------------------------------------------------------------------------------+---------+
; Inverted Register                                                                                                                                                                                                                                                                                                               ; Fan out ;
+---------------------------------------------------------------------------------------------------------------------------------------------------------------------------------------------------------------------------------------------------------------------------------------------------------------------------------+---------+
; uart_byte_tx:uart_byte_tx|Rs232_Tx                                                                                                                                                                                                                                                                                              ; 1       ;
; key_filter:key_filter0|key_state                                                                                                                                                                                                                                                                                                ; 2       ;
; sld_hub:auto_hub|alt_sld_fab_with_jtag_input:\instrumentation_fabric_with_node_gen:fabric_gen_new_way:with_jtag_input_gen:instrumentation_fabric|alt_sld_fab:instrumentation_fabric|alt_sld_fab_alt_sld_fab:alt_sld_fab|alt_sld_fab_alt_sld_fab_sldfabric:sldfabric|sld_jtag_hub:\jtag_hub_gen:real_sld_jtag_hub|jtag_ir_reg[1] ; 3       ;
; sld_hub:auto_hub|alt_sld_fab_with_jtag_input:\instrumentation_fabric_with_node_gen:fabric_gen_new_way:with_jtag_input_gen:instrumentation_fabric|alt_sld_fab:instrumentation_fabric|alt_sld_fab_alt_sld_fab:alt_sld_fab|alt_sld_fab_alt_sld_fab_sldfabric:sldfabric|sld_jtag_hub:\jtag_hub_gen:real_sld_jtag_hub|jtag_ir_reg[2] ; 3       ;
; Total number of inverted registers = 4                                                                                                                                                                                                                                                                                          ;         ;
+---------------------------------------------------------------------------------------------------------------------------------------------------------------------------------------------------------------------------------------------------------------------------------------------------------------------------------+---------+


+-----------------------------------------------------------------------------------------------------------------------------------------------------------------------------------------------------------------------------------------------------------------------------------------------------------------------------------------------------+
; Multiplexer Restructuring Statistics (Restructuring Performed)                                                                                                                                                                                                                                                                                      ;
+--------------------+-----------+---------------+----------------------+------------------------+------------+---------------------------------------------------------------------------------------------------------------------------------------------------------------------------------------------------------------------------------------+
; Multiplexer Inputs ; Bus Width ; Baseline Area ; Area if Restructured ; Saving if Restructured ; Registered ; Example Multiplexer Output                                                                                                                                                                                                            ;
+--------------------+-----------+---------------+----------------------+------------------------+------------+---------------------------------------------------------------------------------------------------------------------------------------------------------------------------------------------------------------------------------------+
; 3:1                ; 7 bits    ; 14 LEs        ; 7 LEs                ; 7 LEs                  ; Yes        ; |uart_tx_top|issp:issp|altsource_probe:altsource_probe_component|altsource_probe_body:altsource_probe_body_inst|altsource_probe_impl:\wider_source_gen:wider_source_inst|shift_reg[7]                                                 ;
; 3:1                ; 16 bits   ; 32 LEs        ; 0 LEs                ; 32 LEs                 ; Yes        ; |uart_tx_top|uart_byte_tx:uart_byte_tx|div_cnt[12]                                                                                                                                                                                    ;
; 4:1                ; 3 bits    ; 6 LEs         ; 6 LEs                ; 0 LEs                  ; Yes        ; |uart_tx_top|issp:issp|altsource_probe:altsource_probe_component|altsource_probe_body:altsource_probe_body_inst|altsource_probe_impl:\wider_source_gen:wider_source_inst|sld_rom_sr:\no_instance_id_gen:rom_info_inst|word_counter[2] ;
; 9:1                ; 4 bits    ; 24 LEs        ; 16 LEs               ; 8 LEs                  ; Yes        ; |uart_tx_top|issp:issp|altsource_probe:altsource_probe_component|altsource_probe_body:altsource_probe_body_inst|altsource_probe_impl:\wider_source_gen:wider_source_inst|sld_rom_sr:\no_instance_id_gen:rom_info_inst|WORD_SR[0]      ;
+--------------------+-----------+---------------+----------------------+------------------------+------------+---------------------------------------------------------------------------------------------------------------------------------------------------------------------------------------------------------------------------------------+


+------------------------------------------------------------------------------------------------------------------------------------------------------------------------------------+
; Source assignments for issp:issp|altsource_probe:altsource_probe_component|altsource_probe_body:altsource_probe_body_inst|altsource_probe_impl:\wider_source_gen:wider_source_inst ;
+---------------------------------+-------+------+-----------------------------------------------------------------------------------------------------------------------------------+
; Assignment                      ; Value ; From ; To                                                                                                                                ;
+---------------------------------+-------+------+-----------------------------------------------------------------------------------------------------------------------------------+
; NOT_GATE_PUSH_BACK              ; OFF   ; -    ; -                                                                                                                                 ;
; POWER_UP_LEVEL                  ; LOW   ; -    ; -                                                                                                                                 ;
; AUTO_SHIFT_REGISTER_RECOGNITION ; OFF   ; -    ; -                                                                                                                                 ;
; AUTO_CLOCK_ENABLE_RECOGNITION   ; OFF   ; -    ; hold_reg[0]                                                                                                                       ;
; AUTO_CLOCK_ENABLE_RECOGNITION   ; OFF   ; -    ; hold_reg[7]                                                                                                                       ;
; AUTO_CLOCK_ENABLE_RECOGNITION   ; OFF   ; -    ; hold_reg[6]                                                                                                                       ;
; AUTO_CLOCK_ENABLE_RECOGNITION   ; OFF   ; -    ; hold_reg[5]                                                                                                                       ;
; AUTO_CLOCK_ENABLE_RECOGNITION   ; OFF   ; -    ; hold_reg[4]                                                                                                                       ;
; AUTO_CLOCK_ENABLE_RECOGNITION   ; OFF   ; -    ; hold_reg[3]                                                                                                                       ;
; AUTO_CLOCK_ENABLE_RECOGNITION   ; OFF   ; -    ; hold_reg[2]                                                                                                                       ;
; AUTO_CLOCK_ENABLE_RECOGNITION   ; OFF   ; -    ; hold_reg[1]                                                                                                                       ;
+---------------------------------+-------+------+-----------------------------------------------------------------------------------------------------------------------------------+


+--------------------------------------------------------------------------------------------------+
; Parameter Settings for User Entity Instance: issp:issp|altsource_probe:altsource_probe_component ;
+-------------------------+-----------------+------------------------------------------------------+
; Parameter Name          ; Value           ; Type                                                 ;
+-------------------------+-----------------+------------------------------------------------------+
; lpm_type                ; altsource_probe ; String                                               ;
; lpm_hint                ; UNUSED          ; String                                               ;
; sld_auto_instance_index ; YES             ; String                                               ;
; sld_instance_index      ; 0               ; Signed Integer                                       ;
; SLD_NODE_INFO           ; 4746752         ; Signed Integer                                       ;
; sld_ir_width            ; 4               ; Signed Integer                                       ;
; instance_id             ; NONE            ; String                                               ;
; probe_width             ; 0               ; Signed Integer                                       ;
; source_width            ; 8               ; Signed Integer                                       ;
; source_initial_value    ;  0              ; String                                               ;
; enable_metastability    ; NO              ; String                                               ;
+-------------------------+-----------------+------------------------------------------------------+
Note: In order to hide this table in the UI and the text report file, please set the "Show Parameter Settings in Synthesis Report" option in "Analysis and Synthesis Settings -> More Settings" to "Off".


+---------------------------------------------------+
; Port Connectivity Checks: "issp:issp"             ;
+-------+-------+----------+------------------------+
; Port  ; Type  ; Severity ; Details                ;
+-------+-------+----------+------------------------+
; probe ; Input ; Info     ; Explicitly unconnected ;
+-------+-------+----------+------------------------+


+-------------------------------------------------------+
; Port Connectivity Checks: "uart_byte_tx:uart_byte_tx" ;
+----------+--------+----------+------------------------+
; Port     ; Type   ; Severity ; Details                ;
+----------+--------+----------+------------------------+
; baud_set ; Input  ; Info     ; Stuck at GND           ;
; Tx_Done  ; Output ; Info     ; Explicitly unconnected ;
+----------+--------+----------+------------------------+


+-----------------------------------------------------+
; Post-Synthesis Netlist Statistics for Top Partition ;
+-----------------------+-----------------------------+
; Type                  ; Count                       ;
+-----------------------+-----------------------------+
; arriav_ff             ; 87                          ;
;     CLR               ; 21                          ;
;     CLR SCLR          ; 36                          ;
;     ENA               ; 7                           ;
;     ENA CLR           ; 15                          ;
;     ENA SLD           ; 8                           ;
; arriav_lcell_comb     ; 89                          ;
;     arith             ; 36                          ;
;         1 data inputs ; 36                          ;
;     extend            ; 1                           ;
;         7 data inputs ; 1                           ;
;     normal            ; 52                          ;
;         0 data inputs ; 1                           ;
;         1 data inputs ; 1                           ;
;         2 data inputs ; 1                           ;
;         3 data inputs ; 2                           ;
;         4 data inputs ; 7                           ;
;         5 data inputs ; 24                          ;
;         6 data inputs ; 16                          ;
; boundary_port         ; 26                          ;
;                       ;                             ;
; Max LUT depth         ; 2.90                        ;
; Average LUT depth     ; 1.77                        ;
+-----------------------+-----------------------------+


+-------------------------------+
; Elapsed Time Per Partition    ;
+----------------+--------------+
; Partition Name ; Elapsed Time ;
+----------------+--------------+
; Top            ; 00:00:00     ;
+----------------+--------------+


+-------------------------------+
; Analysis & Synthesis Messages ;
+-------------------------------+
Info: *******************************************************************
Info: Running Quartus Prime Analysis & Synthesis
    Info: Version 18.0.0 Build 614 04/24/2018 SJ Standard Edition
    Info: Processing started: Fri Aug 04 20:57:28 2023
Info: Command: quartus_map --read_settings_files=on --write_settings_files=off uart_byte_tx -c uart_byte_tx
Warning (18236): Number of processors has not been specified which may cause overloading on shared machines.  Set the global assignment NUM_PARALLEL_PROCESSORS in your QSF to an appropriate value for best performance.
Info (20030): Parallel compilation is enabled and will use 4 of the 4 processors detected
Info (12021): Found 1 design units, including 1 entities, in source file /southampton/graduate_project/code/tx_code/class11_uart_tx/rtl/uart_byte_tx.v
    Info (12023): Found entity 1: uart_byte_tx File: D:/southampton/graduate_project/code/tx_code/class11_uart_tx/rtl/uart_byte_tx.v Line: 1
Info (12021): Found 1 design units, including 1 entities, in source file /southampton/graduate_project/code/tx_code/class11_uart_tx/testbench/uart_byte_tx_tb.v
    Info (12023): Found entity 1: uart_byte_tx_tb File: D:/southampton/graduate_project/code/tx_code/class11_uart_tx/testbench/uart_byte_tx_tb.v Line: 4
Info (12021): Found 1 design units, including 1 entities, in source file /southampton/graduate_project/code/tx_code/class11_uart_tx/rtl/uart_tx_top.v
    Info (12023): Found entity 1: uart_tx_top File: D:/southampton/graduate_project/code/tx_code/class11_uart_tx/rtl/uart_tx_top.v Line: 1
Info (12021): Found 1 design units, including 1 entities, in source file /southampton/graduate_project/code/tx_code/class11_uart_tx/rtl/key_filter.v
    Info (12023): Found entity 1: key_filter File: D:/southampton/graduate_project/code/tx_code/class11_uart_tx/rtl/key_filter.v Line: 1
Info (12021): Found 1 design units, including 1 entities, in source file ip/issp.v
    Info (12023): Found entity 1: issp File: D:/southampton/graduate_project/code/tx_code/class11_uart_tx/prj/ip/issp.v Line: 39
Info (12127): Elaborating entity "uart_tx_top" for the top level hierarchy
Info (12128): Elaborating entity "uart_byte_tx" for hierarchy "uart_byte_tx:uart_byte_tx" File: D:/southampton/graduate_project/code/tx_code/class11_uart_tx/rtl/uart_tx_top.v Line: 27
Info (12128): Elaborating entity "key_filter" for hierarchy "key_filter:key_filter0" File: D:/southampton/graduate_project/code/tx_code/class11_uart_tx/rtl/uart_tx_top.v Line: 35
Info (12128): Elaborating entity "issp" for hierarchy "issp:issp" File: D:/southampton/graduate_project/code/tx_code/class11_uart_tx/rtl/uart_tx_top.v Line: 40
Info (12128): Elaborating entity "altsource_probe" for hierarchy "issp:issp|altsource_probe:altsource_probe_component" File: D:/southampton/graduate_project/code/tx_code/class11_uart_tx/prj/ip/issp.v Line: 72
Info (12130): Elaborated megafunction instantiation "issp:issp|altsource_probe:altsource_probe_component" File: D:/southampton/graduate_project/code/tx_code/class11_uart_tx/prj/ip/issp.v Line: 72
Info (12133): Instantiated megafunction "issp:issp|altsource_probe:altsource_probe_component" with the following parameter: File: D:/southampton/graduate_project/code/tx_code/class11_uart_tx/prj/ip/issp.v Line: 72
    Info (12134): Parameter "enable_metastability" = "NO"
    Info (12134): Parameter "instance_id" = "NONE"
    Info (12134): Parameter "probe_width" = "0"
    Info (12134): Parameter "sld_auto_instance_index" = "YES"
    Info (12134): Parameter "sld_instance_index" = "0"
    Info (12134): Parameter "source_initial_value" = " 0"
    Info (12134): Parameter "source_width" = "8"
Info (12128): Elaborating entity "sld_jtag_endpoint_adapter" for hierarchy "issp:issp|altsource_probe:altsource_probe_component|sld_jtag_endpoint_adapter:jtag_signal_adapter" File: f:/interlfpga/18.0/quartus/libraries/megafunctions/altsource_probe.v Line: 168
Info (12128): Elaborating entity "sld_jtag_endpoint_adapter_impl" for hierarchy "issp:issp|altsource_probe:altsource_probe_component|sld_jtag_endpoint_adapter:jtag_signal_adapter|sld_jtag_endpoint_adapter_impl:sld_jtag_endpoint_adapter_impl_inst" File: f:/interlfpga/18.0/quartus/libraries/megafunctions/sld_jtag_endpoint_adapter.vhd Line: 232
Info (12128): Elaborating entity "altsource_probe_body" for hierarchy "issp:issp|altsource_probe:altsource_probe_component|altsource_probe_body:altsource_probe_body_inst" File: f:/interlfpga/18.0/quartus/libraries/megafunctions/altsource_probe.v Line: 242
Info (12128): Elaborating entity "altsource_probe_impl" for hierarchy "issp:issp|altsource_probe:altsource_probe_component|altsource_probe_body:altsource_probe_body_inst|altsource_probe_impl:\wider_source_gen:wider_source_inst" File: f:/interlfpga/18.0/quartus/libraries/megafunctions/altsource_probe_body.vhd Line: 535
Info (12128): Elaborating entity "sld_rom_sr" for hierarchy "issp:issp|altsource_probe:altsource_probe_component|altsource_probe_body:altsource_probe_body_inst|altsource_probe_impl:\wider_source_gen:wider_source_inst|sld_rom_sr:\no_instance_id_gen:rom_info_inst" File: f:/interlfpga/18.0/quartus/libraries/megafunctions/altsource_probe_body.vhd Line: 775
Warning (12010): Port "probe" on the entity instantiation of "altsource_probe_component" is connected to a signal of width 1. The formal width of the signal in the module is 2.  The extra bits will be driven by GND. File: D:/southampton/graduate_project/code/tx_code/class11_uart_tx/prj/ip/issp.v Line: 72
Info (11170): Starting IP generation for the debug fabric: alt_sld_fab.
Info (11172): 2023.08.04.20:57:46 Progress: Loading sld6f25fe43/alt_sld_fab_wrapper_hw.tcl
Info (11172): Alt_sld_fab.alt_sld_fab: SLD fabric agents which did not specify prefer_host were connected to JTAG
Info (11172): Alt_sld_fab: Generating alt_sld_fab "alt_sld_fab" for QUARTUS_SYNTH
Info (11172): Alt_sld_fab: "alt_sld_fab" instantiated alt_sld_fab "alt_sld_fab"
Info (11172): Presplit: "alt_sld_fab" instantiated altera_super_splitter "presplit"
Info (11172): Splitter: "alt_sld_fab" instantiated altera_sld_splitter "splitter"
Info (11172): Sldfabric: "alt_sld_fab" instantiated altera_sld_jtag_hub "sldfabric"
Info (11172): Ident: "alt_sld_fab" instantiated altera_connection_identification_hub "ident"
Info (11172): Alt_sld_fab: Done "alt_sld_fab" with 6 modules, 6 files
Info (11171): Finished IP generation for the debug fabric: alt_sld_fab.
Info (12021): Found 1 design units, including 1 entities, in source file db/ip/sld6f25fe43/alt_sld_fab.v
    Info (12023): Found entity 1: alt_sld_fab File: D:/southampton/graduate_project/code/tx_code/class11_uart_tx/prj/db/ip/sld6f25fe43/alt_sld_fab.v Line: 9
Info (12021): Found 1 design units, including 1 entities, in source file db/ip/sld6f25fe43/submodules/alt_sld_fab_alt_sld_fab.v
    Info (12023): Found entity 1: alt_sld_fab_alt_sld_fab File: D:/southampton/graduate_project/code/tx_code/class11_uart_tx/prj/db/ip/sld6f25fe43/submodules/alt_sld_fab_alt_sld_fab.v Line: 9
Info (12021): Found 1 design units, including 1 entities, in source file db/ip/sld6f25fe43/submodules/alt_sld_fab_alt_sld_fab_ident.sv
    Info (12023): Found entity 1: alt_sld_fab_alt_sld_fab_ident File: D:/southampton/graduate_project/code/tx_code/class11_uart_tx/prj/db/ip/sld6f25fe43/submodules/alt_sld_fab_alt_sld_fab_ident.sv Line: 33
Info (12021): Found 1 design units, including 1 entities, in source file db/ip/sld6f25fe43/submodules/alt_sld_fab_alt_sld_fab_presplit.sv
    Info (12023): Found entity 1: alt_sld_fab_alt_sld_fab_presplit File: D:/southampton/graduate_project/code/tx_code/class11_uart_tx/prj/db/ip/sld6f25fe43/submodules/alt_sld_fab_alt_sld_fab_presplit.sv Line: 3
Info (12021): Found 2 design units, including 1 entities, in source file db/ip/sld6f25fe43/submodules/alt_sld_fab_alt_sld_fab_sldfabric.vhd
    Info (12022): Found design unit 1: alt_sld_fab_alt_sld_fab_sldfabric-rtl File: D:/southampton/graduate_project/code/tx_code/class11_uart_tx/prj/db/ip/sld6f25fe43/submodules/alt_sld_fab_alt_sld_fab_sldfabric.vhd Line: 102
    Info (12023): Found entity 1: alt_sld_fab_alt_sld_fab_sldfabric File: D:/southampton/graduate_project/code/tx_code/class11_uart_tx/prj/db/ip/sld6f25fe43/submodules/alt_sld_fab_alt_sld_fab_sldfabric.vhd Line: 11
Info (12021): Found 1 design units, including 1 entities, in source file db/ip/sld6f25fe43/submodules/alt_sld_fab_alt_sld_fab_splitter.sv
    Info (12023): Found entity 1: alt_sld_fab_alt_sld_fab_splitter File: D:/southampton/graduate_project/code/tx_code/class11_uart_tx/prj/db/ip/sld6f25fe43/submodules/alt_sld_fab_alt_sld_fab_splitter.sv Line: 3
Info (286031): Timing-Driven Synthesis is running on partition "Top"
Info (16010): Generating hard_block partition "hard_block:auto_generated_inst"
    Info (16011): Adding 9 node(s), including 0 DDIO, 0 PLL, 0 transceiver and 0 LCELL
Info (21057): Implemented 235 device resources after synthesis - the final resource count might be different
    Info (21058): Implemented 6 input pins
    Info (21059): Implemented 3 output pins
    Info (21061): Implemented 225 logic cells
Info: Quartus Prime Analysis & Synthesis was successful. 0 errors, 2 warnings
    Info: Peak virtual memory: 4859 megabytes
    Info: Processing ended: Fri Aug 04 20:57:58 2023
    Info: Elapsed time: 00:00:30
    Info: Total CPU time (on all processors): 00:00:58


