Flow report for uart_byte_tx
Fri Aug 04 20:59:16 2023
Quartus Prime Version 18.0.0 Build 614 04/24/2018 SJ Standard Edition


---------------------
; Table of Contents ;
---------------------
  1. Legal Notice
  2. Flow Summary
  3. Flow Settings
  4. Flow Non-Default Global Settings
  5. Flow Elapsed Time
  6. Flow OS Summary
  7. Flow Log
  8. Flow Messages
  9. Flow Suppressed Messages



----------------
; Legal Notice ;
----------------
Copyright (C) 2018  Intel Corporation. All rights reserved.
Your use of Intel Corporation's design tools, logic functions 
and other software and tools, and its AMPP partner logic 
functions, and any output files from any of the foregoing 
(including device programming or simulation files), and any 
associated documentation or information are expressly subject 
to the terms and conditions of the Intel Program License 
Subscription Agreement, the Intel Quartus Prime License Agreement,
the Intel FPGA IP License Agreement, or other applicable license
agreement, including, without limitation, that your use is for
the sole purpose of programming logic devices manufactured by
Intel and sold by Intel or its authorized distributors.  Please
refer to the applicable agreement for further details.



+-----------------------------------------------------------------------------------+
; Flow Summary                                                                      ;
+---------------------------------+-------------------------------------------------+
; Flow Status                     ; Successful - Fri Aug 04 20:59:16 2023           ;
; Quartus Prime Version           ; 18.0.0 Build 614 04/24/2018 SJ Standard Edition ;
; Revision Name                   ; uart_byte_tx                                    ;
; Top-level Entity Name           ; uart_tx_top                                     ;
; Family                          ; Cyclone V                                       ;
; Device                          ; 5CSEMA5F31C6                                    ;
; Timing Models                   ; Final                                           ;
; Logic utilization (in ALMs)     ; 109 / 32,070 ( < 1 % )                          ;
; Total registers                 ; 187                                             ;
; Total pins                      ; 5 / 457 ( 1 % )                                 ;
; Total virtual pins              ; 0                                               ;
; Total block memory bits         ; 0 / 4,065,280 ( 0 % )                           ;
; Total DSP Blocks                ; 0 / 87 ( 0 % )                                  ;
; Total HSSI RX PCSs              ; 0                                               ;
; Total HSSI PMA RX Deserializers ; 0                                               ;
; Total HSSI TX PCSs              ; 0                                               ;
; Total HSSI PMA TX Serializers   ; 0                                               ;
; Total PLLs                      ; 0 / 6 ( 0 % )                                   ;
; Total DLLs                      ; 0 / 4 ( 0 % )                                   ;
+---------------------------------+-------------------------------------------------+


+-----------------------------------------+
; Flow Settings                           ;
+-------------------+---------------------+
; Option            ; Setting             ;
+-------------------+---------------------+
; Start date & time ; 08/04/2023 20:57:29 ;
; Main task         ; Compilation         ;
; Revision Name     ; uart_byte_tx        ;
+-------------------+---------------------+


+-------------------------------------------------------------------------------------------------------------------------------+
; Flow Non-Default Global Settings                                                                                              ;
+--------------------------------------+----------------------------------------+---------------+-------------+-----------------+
; Assignment Name                      ; Value                                  ; Default Value ; Entity Name ; Section Id      ;
+--------------------------------------+----------------------------------------+---------------+-------------+-----------------+
; COMPILER_SIGNATURE_ID                ; 84440850199519.169115384808920         ; --            ; --          ; --              ;
; EDA_DESIGN_INSTANCE_NAME             ; NA                                     ; --            ; --          ; uart_byte_tx_tb ;
; EDA_NATIVELINK_SIMULATION_TEST_BENCH ; uart_byte_tx_tb                        ; --            ; --          ; eda_simulation  ;
; EDA_OUTPUT_DATA_FORMAT               ; Verilog Hdl                            ; --            ; --          ; eda_simulation  ;
; EDA_SIMULATION_TOOL                  ; ModelSim-Altera (Verilog)              ; <None>        ; --          ; --              ;
; EDA_TEST_BENCH_ENABLE_STATUS         ; TEST_BENCH_MODE                        ; --            ; --          ; eda_simulation  ;
; EDA_TEST_BENCH_FILE                  ; ../testbench/uart_byte_tx_tb.v         ; --            ; --          ; uart_byte_tx_tb ;
; EDA_TEST_BENCH_MODULE_NAME           ; uart_byte_tx_tb                        ; --            ; --          ; uart_byte_tx_tb ;
; EDA_TEST_BENCH_NAME                  ; uart_byte_tx_tb                        ; --            ; --          ; eda_simulation  ;
; EDA_TIME_SCALE                       ; 1 ps                                   ; --            ; --          ; eda_simulation  ;
; MAX_CORE_JUNCTION_TEMP               ; 85                                     ; --            ; --          ; --              ;
; MIN_CORE_JUNCTION_TEMP               ; 0                                      ; --            ; --          ; --              ;
; MISC_FILE                            ; ip/issp_bb.v                           ; --            ; --          ; --              ;
; PARTITION_COLOR                      ; -- (Not supported for targeted family) ; --            ; uart_tx_top ; Top             ;
; PARTITION_FITTER_PRESERVATION_LEVEL  ; -- (Not supported for targeted family) ; --            ; uart_tx_top ; Top             ;
; PARTITION_NETLIST_TYPE               ; -- (Not supported for targeted family) ; --            ; uart_tx_top ; Top             ;
; POWER_BOARD_THERMAL_MODEL            ; None (CONSERVATIVE)                    ; --            ; --          ; --              ;
; POWER_PRESET_COOLING_SOLUTION        ; 23 MM HEAT SINK WITH 200 LFPM AIRFLOW  ; --            ; --          ; --              ;
; PROJECT_OUTPUT_DIRECTORY             ; output_files                           ; --            ; --          ; --              ;
; TOP_LEVEL_ENTITY                     ; uart_tx_top                            ; uart_byte_tx  ; --          ; --              ;
+--------------------------------------+----------------------------------------+---------------+-------------+-----------------+


+--------------------------------------------------------------------------------------------------------------------------+
; Flow Elapsed Time                                                                                                        ;
+----------------------+--------------+-------------------------+---------------------+------------------------------------+
; Module Name          ; Elapsed Time ; Average Processors Used ; Peak Virtual Memory ; Total CPU Time (on all processors) ;
+----------------------+--------------+-------------------------+---------------------+------------------------------------+
; Analysis & Synthesis ; 00:00:28     ; 1.0                     ; 4859 MB             ; 00:00:57                           ;
; Fitter               ; 00:00:50     ; 1.0                     ; 6661 MB             ; 00:01:21                           ;
; Assembler            ; 00:00:10     ; 1.0                     ; 4826 MB             ; 00:00:07                           ;
; Timing Analyzer      ; 00:00:10     ; 1.1                     ; 5141 MB             ; 00:00:10                           ;
; EDA Netlist Writer   ; 00:00:03     ; 1.0                     ; 4738 MB             ; 00:00:03                           ;
; Total                ; 00:01:41     ; --                      ; --                  ; 00:02:38                           ;
+----------------------+--------------+-------------------------+---------------------+------------------------------------+


+------------------------------------------------------------------------------------+
; Flow OS Summary                                                                    ;
+----------------------+------------------+------------+------------+----------------+
; Module Name          ; Machine Hostname ; OS Name    ; OS Version ; Processor type ;
+----------------------+------------------+------------+------------+----------------+
; Analysis & Synthesis ; DESKTOP-56HHUBA  ; Windows 10 ; 10.0       ; x86_64         ;
; Fitter               ; DESKTOP-56HHUBA  ; Windows 10 ; 10.0       ; x86_64         ;
; Assembler            ; DESKTOP-56HHUBA  ; Windows 10 ; 10.0       ; x86_64         ;
; Timing Analyzer      ; DESKTOP-56HHUBA  ; Windows 10 ; 10.0       ; x86_64         ;
; EDA Netlist Writer   ; DESKTOP-56HHUBA  ; Windows 10 ; 10.0       ; x86_64         ;
+----------------------+------------------+------------+------------+----------------+


------------
; Flow Log ;
------------
quartus_map --read_settings_files=on --write_settings_files=off uart_byte_tx -c uart_byte_tx
quartus_fit --read_settings_files=off --write_settings_files=off uart_byte_tx -c uart_byte_tx
quartus_asm --read_settings_files=off --write_settings_files=off uart_byte_tx -c uart_byte_tx
quartus_sta uart_byte_tx -c uart_byte_tx
quartus_eda --read_settings_files=off --write_settings_files=off uart_byte_tx -c uart_byte_tx



